[ 2904319ms] [WARNING] WebSocket onclose @ http://localhost:8502/static/js/index.Drusyo5m.js:150
[ 2908085ms] [ERROR] Failed to load resource: net::ERR_CONNECTION_RESET @ http://localhost:8502/_stcore/health:0
[ 2908085ms] [ERROR] Failed to load resource: net::ERR_CONNECTION_RESET @ http://localhost:8502/_stcore/host-config:0
[ 2908187ms] [ERROR] Failed to load resource: net::ERR_CONNECTION_REFUSED @ http://localhost:8502/_stcore/health:0
[ 2908187ms] [ERROR] Failed to load resource: net::ERR_CONNECTION_REFUSED @ http://localhost:8502/_stcore/host-config:0
[ 2908421ms] [ERROR] Failed to load resource: net::ERR_CONNECTION_REFUSED @ http://localhost:8502/_stcore/health:0
[ 2908421ms] [ERROR] Failed to load resource: net::ERR_CONNECTION_REFUSED @ http://localhost:8502/_stcore/host-config:0
[ 2908875ms] [ERROR] Failed to load resource: net::ERR_CONNECTION_REFUSED @ http://localhost:8502/_stcore/health:0
[ 2908876ms] [ERROR] Failed to load resource: net::ERR_CONNECTION_REFUSED @ http://localhost:8502/_stcore/host-config:0
[ 2909756ms] [ERROR] Failed to load resource: net::ERR_CONNECTION_REFUSED @ http://localhost:8502/_stcore/health:0
[ 2909757ms] [ERROR] Failed to load resource: net::ERR_CONNECTION_REFUSED @ http://localhost:8502/_stcore/host-config:0
[ 2911565ms] [ERROR] Failed to load resource: net::ERR_CONNECTION_REFUSED @ http://localhost:8502/_stcore/health:0
[ 2911565ms] [ERROR] Client Error in reaching server endpoint - No response received when attempting to reach /_stcore/health @ http://localhost:8502/static/js/index.Drusyo5m.js:148
[ 2911565ms] [ERROR] Is Streamlit still running? If you accidentally stopped Streamlit, just restart it in your terminal: @ http://localhost:8502/static/js/index.Drusyo5m.js:154
[ 2911566ms] [ERROR] Failed to load resource: net::ERR_CONNECTION_REFUSED @ http://localhost:8502/_stcore/host-config:0
[ 2911574ms] [ERROR] Failed to load resource: net::ERR_CONNECTION_REFUSED @ http://localhost:8502/static/media/SourceCodeVF-Upright.ttf.BjWn63N-.woff2:0
[ 2913570ms] [ERROR] Failed to load resource: net::ERR_CONNECTION_REFUSED @ http://localhost:8502/_stcore/health:0
[ 2913570ms] [ERROR] Client Error in reaching server endpoint - No response received when attempting to reach /_stcore/health @ http://localhost:8502/static/js/index.Drusyo5m.js:148
[ 2913570ms] [ERROR] Is Streamlit still running? If you accidentally stopped Streamlit, just restart it in your terminal: @ http://localhost:8502/static/js/index.Drusyo5m.js:154
[ 2913570ms] [ERROR] Failed to load resource: net::ERR_CONNECTION_REFUSED @ http://localhost:8502/_stcore/host-config:0
[ 2915574ms] [ERROR] Failed to load resource: net::ERR_CONNECTION_REFUSED @ http://localhost:8502/_stcore/health:0
[ 2915574ms] [ERROR] Client Error in reaching server endpoint - No response received when attempting to reach /_stcore/health @ http://localhost:8502/static/js/index.Drusyo5m.js:148
[ 2915574ms] [ERROR] Is Streamlit still running? If you accidentally stopped Streamlit, just restart it in your terminal: @ http://localhost:8502/static/js/index.Drusyo5m.js:154
[ 2915575ms] [ERROR] Failed to load resource: net::ERR_CONNECTION_REFUSED @ http://localhost:8502/_stcore/host-config:0
[ 2917577ms] [ERROR] Failed to load resource: net::ERR_CONNECTION_REFUSED @ http://localhost:8502/_stcore/health:0
[ 2917577ms] [ERROR] Client Error in reaching server endpoint - No response received when attempting to reach /_stcore/health @ http://localhost:8502/static/js/index.Drusyo5m.js:148
[ 2917577ms] [ERROR] Is Streamlit still running? If you accidentally stopped Streamlit, just restart it in your terminal: @ http://localhost:8502/static/js/index.Drusyo5m.js:154
[ 2917577ms] [ERROR] Failed to load resource: net::ERR_CONNECTION_REFUSED @ http://localhost:8502/_stcore/host-config:0
[ 2958924ms] [WARNING] WebSocket onclose @ http://localhost:8502/static/js/index.Drusyo5m.js:150
[ 2958934ms] [ERROR] Failed to load resource: net::ERR_CONNECTION_REFUSED @ http://localhost:8502/_stcore/health:0
[ 2958934ms] [ERROR] Failed to load resource: net::ERR_CONNECTION_REFUSED @ http://localhost:8502/_stcore/host-config:0
[ 2959036ms] [ERROR] Failed to load resource: net::ERR_CONNECTION_REFUSED @ http://localhost:8502/_stcore/health:0
[ 2959036ms] [ERROR] Failed to load resource: net::ERR_CONNECTION_REFUSED @ http://localhost:8502/_stcore/host-config:0
[ 2959259ms] [ERROR] Failed to load resource: net::ERR_CONNECTION_REFUSED @ http://localhost:8502/_stcore/health:0
[ 2959259ms] [ERROR] Failed to load resource: net::ERR_CONNECTION_REFUSED @ http://localhost:8502/_stcore/host-config:0
[ 2959623ms] [ERROR] Failed to load resource: net::ERR_CONNECTION_REFUSED @ http://localhost:8502/_stcore/health:0
[ 2959624ms] [ERROR] Failed to load resource: net::ERR_CONNECTION_REFUSED @ http://localhost:8502/_stcore/host-config:0
[ 2960401ms] [ERROR] Failed to load resource: net::ERR_CONNECTION_REFUSED @ http://localhost:8502/_stcore/health:0
[ 2960401ms] [ERROR] Failed to load resource: net::ERR_CONNECTION_REFUSED @ http://localhost:8502/_stcore/host-config:0
[ 2961736ms] [ERROR] Failed to load resource: net::ERR_CONNECTION_REFUSED @ http://localhost:8502/_stcore/health:0
[ 2961737ms] [ERROR] Client Error in reaching server endpoint - No response received when attempting to reach /_stcore/health @ http://localhost:8502/static/js/index.Drusyo5m.js:148
[ 2961737ms] [ERROR] Is Streamlit still running? If you accidentally stopped Streamlit, just restart it in your terminal: @ http://localhost:8502/static/js/index.Drusyo5m.js:154
[ 2961738ms] [ERROR] Failed to load resource: net::ERR_CONNECTION_REFUSED @ http://localhost:8502/_stcore/host-config:0
[ 2963742ms] [ERROR] Failed to load resource: net::ERR_CONNECTION_REFUSED @ http://localhost:8502/_stcore/health:0
[ 2963742ms] [ERROR] Client Error in reaching server endpoint - No response received when attempting to reach /_stcore/health @ http://localhost:8502/static/js/index.Drusyo5m.js:148
[ 2963742ms] [ERROR] Is Streamlit still running? If you accidentally stopped Streamlit, just restart it in your terminal: @ http://localhost:8502/static/js/index.Drusyo5m.js:154
[ 2963743ms] [ERROR] Failed to load resource: net::ERR_CONNECTION_REFUSED @ http://localhost:8502/_stcore/host-config:0
[ 2965747ms] [ERROR] Failed to load resource: net::ERR_CONNECTION_REFUSED @ http://localhost:8502/_stcore/health:0
[ 2965747ms] [ERROR] Client Error in reaching server endpoint - No response received when attempting to reach /_stcore/health @ http://localhost:8502/static/js/index.Drusyo5m.js:148
[ 2965747ms] [ERROR] Is Streamlit still running? If you accidentally stopped Streamlit, just restart it in your terminal: @ http://localhost:8502/static/js/index.Drusyo5m.js:154
[ 2965748ms] [ERROR] Failed to load resource: net::ERR_CONNECTION_REFUSED @ http://localhost:8502/_stcore/host-config:0
[ 2975187ms] [WARNING] WebSocket onclose @ http://localhost:8502/static/js/index.Drusyo5m.js:150
[ 2975200ms] [ERROR] Failed to load resource: net::ERR_CONNECTION_REFUSED @ http://localhost:8502/_stcore/health:0
[ 2975200ms] [ERROR] Failed to load resource: net::ERR_CONNECTION_REFUSED @ http://localhost:8502/_stcore/host-config:0
[ 2975303ms] [ERROR] Failed to load resource: net::ERR_CONNECTION_REFUSED @ http://localhost:8502/_stcore/health:0
[ 2975303ms] [ERROR] Failed to load resource: net::ERR_CONNECTION_REFUSED @ http://localhost:8502/_stcore/host-config:0
[ 2975469ms] [ERROR] Failed to load resource: net::ERR_CONNECTION_REFUSED @ http://localhost:8502/_stcore/health:0
[ 2975469ms] [ERROR] Failed to load resource: net::ERR_CONNECTION_REFUSED @ http://localhost:8502/_stcore/host-config:0
[ 2975808ms] [ERROR] Failed to load resource: net::ERR_CONNECTION_REFUSED @ http://localhost:8502/_stcore/health:0
[ 2975809ms] [ERROR] Failed to load resource: net::ERR_CONNECTION_REFUSED @ http://localhost:8502/_stcore/host-config:0
[ 2976497ms] [ERROR] Failed to load resource: net::ERR_CONNECTION_REFUSED @ http://localhost:8502/_stcore/health:0
[ 2976497ms] [ERROR] Failed to load resource: net::ERR_CONNECTION_REFUSED @ http://localhost:8502/_stcore/host-config:0
[ 2978034ms] [ERROR] Failed to load resource: net::ERR_CONNECTION_REFUSED @ http://localhost:8502/_stcore/health:0
[ 2978034ms] [ERROR] Client Error in reaching server endpoint - No response received when attempting to reach /_stcore/health @ http://localhost:8502/static/js/index.Drusyo5m.js:148
[ 2978034ms] [ERROR] Is Streamlit still running? If you accidentally stopped Streamlit, just restart it in your terminal: @ http://localhost:8502/static/js/index.Drusyo5m.js:154
[ 2978034ms] [ERROR] Failed to load resource: net::ERR_CONNECTION_REFUSED @ http://localhost:8502/_stcore/host-config:0
[ 2980038ms] [ERROR] Failed to load resource: net::ERR_CONNECTION_REFUSED @ http://localhost:8502/_stcore/health:0
[ 2980038ms] [ERROR] Client Error in reaching server endpoint - No response received when attempting to reach /_stcore/health @ http://localhost:8502/static/js/index.Drusyo5m.js:148
[ 2980038ms] [ERROR] Is Streamlit still running? If you accidentally stopped Streamlit, just restart it in your terminal: @ http://localhost:8502/static/js/index.Drusyo5m.js:154
[ 2980038ms] [ERROR] Failed to load resource: net::ERR_CONNECTION_REFUSED @ http://localhost:8502/_stcore/host-config:0
[ 2982040ms] [ERROR] Failed to load resource: net::ERR_CONNECTION_REFUSED @ http://localhost:8502/_stcore/health:0
[ 2982040ms] [ERROR] Client Error in reaching server endpoint - No response received when attempting to reach /_stcore/health @ http://localhost:8502/static/js/index.Drusyo5m.js:148
[ 2982040ms] [ERROR] Is Streamlit still running? If you accidentally stopped Streamlit, just restart it in your terminal: @ http://localhost:8502/static/js/index.Drusyo5m.js:154
[ 2982040ms] [ERROR] Failed to load resource: net::ERR_CONNECTION_REFUSED @ http://localhost:8502/_stcore/host-config:0
[ 2984045ms] [ERROR] Failed to load resource: net::ERR_CONNECTION_REFUSED @ http://localhost:8502/_stcore/health:0
[ 2984045ms] [ERROR] Client Error in reaching server endpoint - No response received when attempting to reach /_stcore/health @ http://localhost:8502/static/js/index.Drusyo5m.js:148
[ 2984045ms] [ERROR] Is Streamlit still running? If you accidentally stopped Streamlit, just restart it in your terminal: @ http://localhost:8502/static/js/index.Drusyo5m.js:154
[ 2984046ms] [ERROR] Failed to load resource: net::ERR_CONNECTION_REFUSED @ http://localhost:8502/_stcore/host-config:0
[ 2986050ms] [ERROR] Failed to load resource: net::ERR_CONNECTION_REFUSED @ http://localhost:8502/_stcore/health:0
[ 2986050ms] [ERROR] Client Error in reaching server endpoint - No response received when attempting to reach /_stcore/health @ http://localhost:8502/static/js/index.Drusyo5m.js:148
[ 2986050ms] [ERROR] Is Streamlit still running? If you accidentally stopped Streamlit, just restart it in your terminal: @ http://localhost:8502/static/js/index.Drusyo5m.js:154
[ 2986050ms] [ERROR] Failed to load resource: net::ERR_CONNECTION_REFUSED @ http://localhost:8502/_stcore/host-config:0
[ 2988055ms] [ERROR] Failed to load resource: net::ERR_CONNECTION_REFUSED @ http://localhost:8502/_stcore/health:0
[ 2988055ms] [ERROR] Client Error in reaching server endpoint - No response received when attempting to reach /_stcore/health @ http://localhost:8502/static/js/index.Drusyo5m.js:148
[ 2988055ms] [ERROR] Is Streamlit still running? If you accidentally stopped Streamlit, just restart it in your terminal: @ http://localhost:8502/static/js/index.Drusyo5m.js:154
[ 2988055ms] [ERROR] Failed to load resource: net::ERR_CONNECTION_REFUSED @ http://localhost:8502/_stcore/host-config:0
[ 2990058ms] [ERROR] Failed to load resource: net::ERR_CONNECTION_REFUSED @ http://localhost:8502/_stcore/health:0
[ 2990058ms] [ERROR] Client Error in reaching server endpoint - No response received when attempting to reach /_stcore/health @ http://localhost:8502/static/js/index.Drusyo5m.js:148
[ 2990058ms] [ERROR] Is Streamlit still running? If you accidentally stopped Streamlit, just restart it in your terminal: @ http://localhost:8502/static/js/index.Drusyo5m.js:154
[ 2990061ms] [ERROR] Failed to load resource: net::ERR_CONNECTION_REFUSED @ http://localhost:8502/_stcore/host-config:0
[ 2992061ms] [ERROR] Failed to load resource: net::ERR_CONNECTION_REFUSED @ http://localhost:8502/_stcore/health:0
[ 2992061ms] [ERROR] Client Error in reaching server endpoint - No response received when attempting to reach /_stcore/health @ http://localhost:8502/static/js/index.Drusyo5m.js:148
[ 2992061ms] [ERROR] Is Streamlit still running? If you accidentally stopped Streamlit, just restart it in your terminal: @ http://localhost:8502/static/js/index.Drusyo5m.js:154
[ 2992061ms] [ERROR] Failed to load resource: net::ERR_CONNECTION_REFUSED @ http://localhost:8502/_stcore/host-config:0
[ 2994065ms] [ERROR] Failed to load resource: net::ERR_CONNECTION_REFUSED @ http://localhost:8502/_stcore/health:0
[ 2994065ms] [ERROR] Client Error in reaching server endpoint - No response received when attempting to reach /_stcore/health @ http://localhost:8502/static/js/index.Drusyo5m.js:148
[ 2994065ms] [ERROR] Is Streamlit still running? If you accidentally stopped Streamlit, just restart it in your terminal: @ http://localhost:8502/static/js/index.Drusyo5m.js:154
[ 2994065ms] [ERROR] Failed to load resource: net::ERR_CONNECTION_REFUSED @ http://localhost:8502/_stcore/host-config:0
[ 2996070ms] [ERROR] Failed to load resource: net::ERR_CONNECTION_REFUSED @ http://localhost:8502/_stcore/health:0
[ 2996070ms] [ERROR] Client Error in reaching server endpoint - No response received when attempting to reach /_stcore/health @ http://localhost:8502/static/js/index.Drusyo5m.js:148
[ 2996070ms] [ERROR] Is Streamlit still running? If you accidentally stopped Streamlit, just restart it in your terminal: @ http://localhost:8502/static/js/index.Drusyo5m.js:154
[ 2996070ms] [ERROR] Failed to load resource: net::ERR_CONNECTION_REFUSED @ http://localhost:8502/_stcore/host-config:0
[ 2998073ms] [ERROR] Failed to load resource: net::ERR_CONNECTION_REFUSED @ http://localhost:8502/_stcore/health:0
[ 2998073ms] [ERROR] Client Error in reaching server endpoint - No response received when attempting to reach /_stcore/health @ http://localhost:8502/static/js/index.Drusyo5m.js:148
[ 2998073ms] [ERROR] Is Streamlit still running? If you accidentally stopped Streamlit, just restart it in your terminal: @ http://localhost:8502/static/js/index.Drusyo5m.js:154
[ 2998073ms] [ERROR] Failed to load resource: net::ERR_CONNECTION_REFUSED @ http://localhost:8502/_stcore/host-config:0
[ 3000077ms] [ERROR] Failed to load resource: net::ERR_CONNECTION_REFUSED @ http://localhost:8502/_stcore/health:0
[ 3000077ms] [ERROR] Client Error in reaching server endpoint - No response received when attempting to reach /_stcore/health @ http://localhost:8502/static/js/index.Drusyo5m.js:148
[ 3000077ms] [ERROR] Is Streamlit still running? If you accidentally stopped Streamlit, just restart it in your terminal: @ http://localhost:8502/static/js/index.Drusyo5m.js:154
[ 3000077ms] [ERROR] Failed to load resource: net::ERR_CONNECTION_REFUSED @ http://localhost:8502/_stcore/host-config:0
[ 3002081ms] [ERROR] Failed to load resource: net::ERR_CONNECTION_REFUSED @ http://localhost:8502/_stcore/health:0
[ 3002081ms] [ERROR] Client Error in reaching server endpoint - No response received when attempting to reach /_stcore/health @ http://localhost:8502/static/js/index.Drusyo5m.js:148
[ 3002082ms] [ERROR] Is Streamlit still running? If you accidentally stopped Streamlit, just restart it in your terminal: @ http://localhost:8502/static/js/index.Drusyo5m.js:154
[ 3002082ms] [ERROR] Failed to load resource: net::ERR_CONNECTION_REFUSED @ http://localhost:8502/_stcore/host-config:0
[ 3004084ms] [ERROR] Failed to load resource: net::ERR_CONNECTION_REFUSED @ http://localhost:8502/_stcore/health:0
[ 3004084ms] [ERROR] Client Error in reaching server endpoint - No response received when attempting to reach /_stcore/health @ http://localhost:8502/static/js/index.Drusyo5m.js:148
[ 3004084ms] [ERROR] Is Streamlit still running? If you accidentally stopped Streamlit, just restart it in your terminal: @ http://localhost:8502/static/js/index.Drusyo5m.js:154
[ 3004084ms] [ERROR] Failed to load resource: net::ERR_CONNECTION_REFUSED @ http://localhost:8502/_stcore/host-config:0
[ 3006087ms] [ERROR] Failed to load resource: net::ERR_CONNECTION_REFUSED @ http://localhost:8502/_stcore/health:0
[ 3006087ms] [ERROR] Client Error in reaching server endpoint - No response received when attempting to reach /_stcore/health @ http://localhost:8502/static/js/index.Drusyo5m.js:148
[ 3006087ms] [ERROR] Is Streamlit still running? If you accidentally stopped Streamlit, just restart it in your terminal: @ http://localhost:8502/static/js/index.Drusyo5m.js:154
[ 3006087ms] [ERROR] Failed to load resource: net::ERR_CONNECTION_REFUSED @ http://localhost:8502/_stcore/host-config:0
[ 3008089ms] [ERROR] Failed to load resource: net::ERR_CONNECTION_REFUSED @ http://localhost:8502/_stcore/health:0
[ 3008090ms] [ERROR] Client Error in reaching server endpoint - No response received when attempting to reach /_stcore/health @ http://localhost:8502/static/js/index.Drusyo5m.js:148
[ 3008090ms] [ERROR] Is Streamlit still running? If you accidentally stopped Streamlit, just restart it in your terminal: @ http://localhost:8502/static/js/index.Drusyo5m.js:154
[ 3008090ms] [ERROR] Failed to load resource: net::ERR_CONNECTION_REFUSED @ http://localhost:8502/_stcore/host-config:0
[ 3010095ms] [ERROR] Failed to load resource: net::ERR_CONNECTION_REFUSED @ http://localhost:8502/_stcore/health:0
[ 3010095ms] [ERROR] Client Error in reaching server endpoint - No response received when attempting to reach /_stcore/health @ http://localhost:8502/static/js/index.Drusyo5m.js:148
[ 3010095ms] [ERROR] Is Streamlit still running? If you accidentally stopped Streamlit, just restart it in your terminal: @ http://localhost:8502/static/js/index.Drusyo5m.js:154
[ 3010095ms] [ERROR] Failed to load resource: net::ERR_CONNECTION_REFUSED @ http://localhost:8502/_stcore/host-config:0
